<?xml version="1.0" encoding="UTF-8" ?>
<testsuite errors="1" failures="0" hostname="LAPTOP-RP04TO00" name="CaculatorTest" skipped="0" tests="1" time="0.018" timestamp="2021-06-10T02:22:54">
  <properties>
    <property name="java.vendor" value="Oracle Corporation" />
    <property name="lib.dir" value="lib" />
    <property name="sun.java.launcher" value="SUN_STANDARD" />
    <property name="eclipse.pdebuild.templates" value="D:\study app\eclipse-jee-2019-12-R-win32-x86_64\eclipse\plugins\org.eclipse.pde.build_3.10.600.v20191011-0535\templates" />
    <property name="sun.management.compiler" value="HotSpot 64-Bit Tiered Compilers" />
    <property name="run.srcpath" value="src" />
    <property name="os.name" value="Windows 10" />
    <property name="ant.file.project" value="C:\Users\huang\Desktop\作业2020\web\homework\workspace\JunitTest\build.xml" />
    <property name="sun.boot.class.path" value="C:\Program Files\Java\jre1.8.0_271\lib\resources.jar;C:\Program Files\Java\jre1.8.0_271\lib\rt.jar;C:\Program Files\Java\jre1.8.0_271\lib\sunrsasign.jar;C:\Program Files\Java\jre1.8.0_271\lib\jsse.jar;C:\Program Files\Java\jre1.8.0_271\lib\jce.jar;C:\Program Files\Java\jre1.8.0_271\lib\charsets.jar;C:\Program Files\Java\jre1.8.0_271\lib\jfr.jar;C:\Program Files\Java\jre1.8.0_271\classes" />
    <property name="sun.desktop" value="windows" />
    <property name="java.vm.specification.vendor" value="Oracle Corporation" />
    <property name="ant.home" value="D:\study app\eclipse-jee-2019-12-R-win32-x86_64\eclipse\plugins\org.apache.ant_1.10.9.v20201106-1946" />
    <property name="java.runtime.version" value="1.8.0_271-b09" />
    <property name="run.classpath" value="bin" />
    <property name="test.report" value="report" />
    <property name="user.name" value="huang" />
    <property name="user.language" value="zh" />
    <property name="sun.boot.library.path" value="C:\Program Files\Java\jre1.8.0_271\bin" />
    <property name="ant.project.default-target" value="test" />
    <property name="ant.project.name" value="project" />
    <property name="java.version" value="1.8.0_271" />
    <property name="user.timezone" value="" />
    <property name="sun.arch.data.model" value="64" />
    <property name="java.endorsed.dirs" value="C:\Program Files\Java\jre1.8.0_271\lib\endorsed" />
    <property name="sun.cpu.isalist" value="amd64" />
    <property name="sun.jnu.encoding" value="GBK" />
    <property name="file.encoding.pkg" value="sun.io" />
    <property name="file.separator" value="\" />
    <property name="java.specification.name" value="Java Platform API Specification" />
    <property name="test.xml" value="xml" />
    <property name="java.class.version" value="52.0" />
    <property name="user.country" value="CN" />
    <property name="java.home" value="C:\Program Files\Java\jre1.8.0_271" />
    <property name="java.vm.info" value="mixed mode" />
    <property name="ant.file" value="C:\Users\huang\Desktop\作业2020\web\homework\workspace\JunitTest\build.xml" />
    <property name="os.version" value="10.0" />
    <property name="test.srcpath" value="test" />
    <property name="path.separator" value=";" />
    <property name="java.vm.version" value="25.271-b09" />
    <property name="user.variant" value="" />
    <property name="ant.library.dir" value="D:\study app\eclipse-jee-2019-12-R-win32-x86_64\eclipse\plugins\org.apache.ant_1.10.9.v20201106-1946\lib" />
    <property name="java.awt.printerjob" value="sun.awt.windows.WPrinterJob" />
    <property name="sun.io.unicode.encoding" value="UnicodeLittle" />
    <property name="awt.toolkit" value="sun.awt.windows.WToolkit" />
    <property name="user.script" value="" />
    <property name="eclipse.pdebuild.scripts" value="D:\study app\eclipse-jee-2019-12-R-win32-x86_64\eclipse\plugins\org.eclipse.pde.build_3.10.600.v20191011-0535\scripts" />
    <property name="user.home" value="C:\Users\huang" />
    <property name="java.specification.vendor" value="Oracle Corporation" />
    <property name="java.library.path" value="D:\study app\eclipse-jee-2019-12-R-win32-x86_64\eclipse;C:\Windows\Sun\Java\bin;C:\Windows\system32;C:\Windows;C:\Program Files (x86)\VMware\VMware Workstation\bin\;C:\Program Files (x86)\Common Files\Oracle\Java\javapath;C:\Program Files\Microsoft MPI\Bin\;C:\Windows\system32;C:\Windows;C:\Windows\System32\Wbem;C:\Windows\System32\WindowsPowerShell\v1.0\;C:\Windows\System32\OpenSSH\;C:\Program Files (x86)\NVIDIA Corporation\PhysX\Common;C:\Program Files\NVIDIA Corporation\NVIDIA NvDLISR;C:\Program Files\Java\jdk1.8.0_202\bin;C:\Program Files\MySQL\MySQL Server 5.5\bin;C:\Program Files (x86)\PuTTY\;D:\study app\Git\cmd;D:\study app\apache-ant-1.9.15\bin;C:\Users\huang\Anaconda3;C:\Users\huang\Anaconda3\Library\mingw-w64\bin;C:\Users\huang\Anaconda3\Library\usr\bin;C:\Users\huang\Anaconda3\Library\bin;C:\Users\huang\Anaconda3\Scripts;C:\Users\huang\AppData\Local\Microsoft\WindowsApps;D:\Microsoft VS Code\bin;D:\study file\PyCharm 2020.3.1\bin;;D:\study app\PyCharm Community Edition 2020.3.1\bin;;.;D:\study%20app\eclipse-jee-2019-12-R-win32-x86_64\eclipse\configuration\org.eclipse.osgi\732\0\.cp" />
    <property name="java.vendor.url" value="http://java.oracle.com/" />
    <property name="java.vm.vendor" value="Oracle Corporation" />
    <property name="java.runtime.name" value="Java(TM) SE Runtime Environment" />
    <property name="sun.java.command" value="org.eclipse.ant.internal.launching.remote.InternalAntRunner -Dorg.eclipse.ant.core.ANT_PROCESS_ID=1623291772099 -Declipse.connect.port=59093 -Declipse.pdebuild.home=D:\study app\eclipse-jee-2019-12-R-win32-x86_64\eclipse\plugins\org.eclipse.pde.build_3.10.600.v20191011-0535\. -Declipse.pdebuild.scripts=D:\study app\eclipse-jee-2019-12-R-win32-x86_64\eclipse\plugins\org.eclipse.pde.build_3.10.600.v20191011-0535\scripts -Declipse.pdebuild.templates=D:\study app\eclipse-jee-2019-12-R-win32-x86_64\eclipse\plugins\org.eclipse.pde.build_3.10.600.v20191011-0535\templates -Dant.home=D:\study app\eclipse-jee-2019-12-R-win32-x86_64\eclipse\plugins\org.apache.ant_1.10.9.v20201106-1946 -logger org.eclipse.ant.internal.launching.remote.logger.RemoteAntBuildLogger -inputhandler org.eclipse.ant.internal.ui.antsupport.inputhandler.ProxyInputHandler -buildfile C:\Users\huang\Desktop\作业2020\web\homework\workspace\JunitTest\build.xml init compile test junit" />
    <property name="java.class.path" value="D:\study app\eclipse-jee-2019-12-R-win32-x86_64\eclipse\plugins\org.apache.ant_1.10.9.v20201106-1946\lib\ant-antlr.jar;D:\study app\eclipse-jee-2019-12-R-win32-x86_64\eclipse\plugins\org.apache.ant_1.10.9.v20201106-1946\lib\ant-apache-bcel.jar;D:\study app\eclipse-jee-2019-12-R-win32-x86_64\eclipse\plugins\org.apache.ant_1.10.9.v20201106-1946\lib\ant-apache-bsf.jar;D:\study app\eclipse-jee-2019-12-R-win32-x86_64\eclipse\plugins\org.apache.ant_1.10.9.v20201106-1946\lib\ant-apache-log4j.jar;D:\study app\eclipse-jee-2019-12-R-win32-x86_64\eclipse\plugins\org.apache.ant_1.10.9.v20201106-1946\lib\ant-apache-oro.jar;D:\study app\eclipse-jee-2019-12-R-win32-x86_64\eclipse\plugins\org.apache.ant_1.10.9.v20201106-1946\lib\ant-apache-regexp.jar;D:\study app\eclipse-jee-2019-12-R-win32-x86_64\eclipse\plugins\org.apache.ant_1.10.9.v20201106-1946\lib\ant-apache-resolver.jar;D:\study app\eclipse-jee-2019-12-R-win32-x86_64\eclipse\plugins\org.apache.ant_1.10.9.v20201106-1946\lib\ant-apache-xalan2.jar;D:\study app\eclipse-jee-2019-12-R-win32-x86_64\eclipse\plugins\org.apache.ant_1.10.9.v20201106-1946\lib\ant-commons-logging.jar;D:\study app\eclipse-jee-2019-12-R-win32-x86_64\eclipse\plugins\org.apache.ant_1.10.9.v20201106-1946\lib\ant-commons-net.jar;D:\study app\eclipse-jee-2019-12-R-win32-x86_64\eclipse\plugins\org.apache.ant_1.10.9.v20201106-1946\lib\ant-imageio.jar;D:\study app\eclipse-jee-2019-12-R-win32-x86_64\eclipse\plugins\org.apache.ant_1.10.9.v20201106-1946\lib\ant-jai.jar;D:\study app\eclipse-jee-2019-12-R-win32-x86_64\eclipse\plugins\org.apache.ant_1.10.9.v20201106-1946\lib\ant-javamail.jar;D:\study app\eclipse-jee-2019-12-R-win32-x86_64\eclipse\plugins\org.apache.ant_1.10.9.v20201106-1946\lib\ant-jdepend.jar;D:\study app\eclipse-jee-2019-12-R-win32-x86_64\eclipse\plugins\org.apache.ant_1.10.9.v20201106-1946\lib\ant-jmf.jar;D:\study app\eclipse-jee-2019-12-R-win32-x86_64\eclipse\plugins\org.apache.ant_1.10.9.v20201106-1946\lib\ant-jsch.jar;D:\study app\eclipse-jee-2019-12-R-win32-x86_64\eclipse\plugins\org.apache.ant_1.10.9.v20201106-1946\lib\ant-junit.jar;D:\study app\eclipse-jee-2019-12-R-win32-x86_64\eclipse\plugins\org.apache.ant_1.10.9.v20201106-1946\lib\ant-junit4.jar;D:\study app\eclipse-jee-2019-12-R-win32-x86_64\eclipse\plugins\org.apache.ant_1.10.9.v20201106-1946\lib\ant-junitlauncher.jar;D:\study app\eclipse-jee-2019-12-R-win32-x86_64\eclipse\plugins\org.apache.ant_1.10.9.v20201106-1946\lib\ant-launcher.jar;D:\study app\eclipse-jee-2019-12-R-win32-x86_64\eclipse\plugins\org.apache.ant_1.10.9.v20201106-1946\lib\ant-netrexx.jar;D:\study app\eclipse-jee-2019-12-R-win32-x86_64\eclipse\plugins\org.apache.ant_1.10.9.v20201106-1946\lib\ant-swing.jar;D:\study app\eclipse-jee-2019-12-R-win32-x86_64\eclipse\plugins\org.apache.ant_1.10.9.v20201106-1946\lib\ant-testutil.jar;D:\study app\eclipse-jee-2019-12-R-win32-x86_64\eclipse\plugins\org.apache.ant_1.10.9.v20201106-1946\lib\ant-xz.jar;D:\study app\eclipse-jee-2019-12-R-win32-x86_64\eclipse\plugins\org.apache.ant_1.10.9.v20201106-1946\lib\ant.jar;D:\study app\apache-ant-1.10.10-bin\apache-ant-1.10.10\;D:\study app\eclipse-jee-2019-12-R-win32-x86_64\eclipse\configuration\org.eclipse.osgi\90\0\.cp\lib\antdebug.jar;D:\study app\eclipse-jee-2019-12-R-win32-x86_64\eclipse\configuration\org.eclipse.osgi\90\0\.cp\lib\remote.jar;D:\study app\eclipse-jee-2019-12-R-win32-x86_64\eclipse\configuration\org.eclipse.osgi\91\0\.cp\lib\remoteAnt.jar;C:\Program Files\Java\jdk1.8.0_202\lib\tools.jar;D:\study app\eclipse-jee-2019-12-R-win32-x86_64\eclipse\plugins\org.eclipse.swt.win32.win32.x86_64_3.113.0.v20191204-0601.jar" />
    <property name="ant.version" value="Apache Ant(TM) version 1.10.9 compiled on September 27 2020" />
    <property name="java.vm.specification.name" value="Java Virtual Machine Specification" />
    <property name="java.vm.specification.version" value="1.8" />
    <property name="ant.file.type.project" value="file" />
    <property name="sun.cpu.endian" value="little" />
    <property name="sun.os.patch.level" value="" />
    <property name="eclipse.pdebuild.home" value="D:\study app\eclipse-jee-2019-12-R-win32-x86_64\eclipse\plugins\org.eclipse.pde.build_3.10.600.v20191011-0535\." />
    <property name="java.io.tmpdir" value="C:\Users\huang\AppData\Local\Temp\" />
    <property name="java.vendor.url.bug" value="http://bugreport.sun.com/bugreport/" />
    <property name="os.arch" value="amd64" />
    <property name="java.awt.graphicsenv" value="sun.awt.Win32GraphicsEnvironment" />
    <property name="java.ext.dirs" value="C:\Program Files\Java\jre1.8.0_271\lib\ext;C:\Windows\Sun\Java\lib\ext" />
    <property name="user.dir" value="C:\Users\huang\Desktop\作业2020\web\homework\workspace\JunitTest" />
    <property name="line.separator" value="&#xd;&#xa;" />
    <property name="java.vm.name" value="Java HotSpot(TM) 64-Bit Server VM" />
    <property name="org.apache.tools.ant.taskdefs.optional.junit.AggregateTransformer0" value="C:\Users\huang\AppData\Local\Temp\null139391802" />
    <property name="basedir" value="C:\Users\huang\Desktop\作业2020\web\homework\workspace\JunitTest" />
    <property name="ant.java.version" value="1.8" />
    <property name="ant.core.lib" value="D:\study app\eclipse-jee-2019-12-R-win32-x86_64\eclipse\plugins\org.apache.ant_1.10.9.v20201106-1946\lib\ant.jar" />
    <property name="file.encoding" value="UTF-8" />
    <property name="java.specification.version" value="1.8" />
    <property name="ant.project.invoked-targets" value="init,compile,test,junit" />
  </properties>
  <testcase classname="CaculatorTest" name="initializationError" time="0.005">
    <error message="org/hamcrest/SelfDescribing" type="java.lang.NoClassDefFoundError">java.lang.NoClassDefFoundError: org/hamcrest/SelfDescribing
	at java.lang.ClassLoader.defineClass1(Native Method)
	at java.lang.ClassLoader.defineClass(Unknown Source)
	at java.lang.ClassLoader.loadClass(Unknown Source)
	at java.lang.reflect.Constructor.newInstance(Unknown Source)
	at org.eclipse.ant.internal.launching.remote.EclipseDefaultExecutor.executeTargets(EclipseDefaultExecutor.java:36)
	at org.eclipse.ant.internal.launching.remote.InternalAntRunner.run(InternalAntRunner.java:460)
	at org.eclipse.ant.internal.launching.remote.InternalAntRunner.main(InternalAntRunner.java:142)
Caused by: java.lang.ClassNotFoundException: org.hamcrest.SelfDescribing
	at java.lang.ClassLoader.loadClass(Unknown Source)
</error>
  </testcase>
  <system-out><![CDATA[]]></system-out>
  <system-err><![CDATA[]]></system-err>
</testsuite>
